<?xml version="1.0" encoding="UTF-8"?>
<!-- Generated by org.testng.reporters.JUnitReportReporter -->
<testsuite hostname="DESKTOP-AUS16LR" failures="0" tests="1" name="Day1.HTTPrequest" time="2.555" errors="0" timestamp="2025-04-25T17:58:43 IST" skipped="0">
  <testcase classname="Day1.HTTPrequest" name="getUsers" time="2.555"/>
</testsuite> <!-- Day1.HTTPrequest -->
